        -:    0:Source:C:/Users/ardel/CLionProjects/lab2-4agentie/main.c
        -:    0:Graph:C:\Users\ardel\CLionProjects\lab2-4agentie\cmake-build-debug-coverage\CMakeFiles\lab2_4agentie.dir\main.c.gcno
        -:    0:Data:C:\Users\ardel\CLionProjects\lab2-4agentie\cmake-build-debug-coverage\CMakeFiles\lab2_4agentie.dir\main.c.gcda
        -:    0:Runs:1
        -:    1:
        -:    2:#include "OfertaRepository.h"
        -:    3:#include "UI.h"
        -:    4:#include "Oferta.h"
        -:    5:#define _CRTDBG_MAP_ALLOC
        -:    6:#include <stdlib.h>
        -:    7:#include <crtdbg.h>
        -:    8:
function main called 1 returned 0% blocks executed 84%
        1:    9:int main()
        -:   10:{
        -:   11:    //Functia principala main
        -:   12:
        1:   13:    testsrepo();
        1:   13-block  0
call    0 returned 1
        1:   14:    testsService();
call    0 returned 1
        1:   15:    testsOferta();
call    0 returned 1
        1:   16:    testsVector();
call    0 returned 1
        -:   17:
        1:   18:    OfertaRepo* repo = createRepo();
call    0 returned 1
        1:   19:    Service* serv = createService(repo);
call    0 returned 1
        -:   20:
        1:   21:    UI* ui = createUI(serv);
call    0 returned 1
        1:   22:    Vector* undoList = createVector(2, (DestroyElementFunctionType) destroyRepo);
call    0 returned 1
        -:   23:
        -:   24:
        1:   25:    addOferta(serv, "munte", "Fagaras", "20/10/2023", 200);
call    0 returned 1
        1:   26:    addOferta(serv, "mare", "Marea Neagra", "10/10/2024", 600);
call    0 returned 1
        1:   27:    addOferta(serv, "munte", "Brasov", "22/3/2023", 400);
call    0 returned 1
        1:   28:    addOferta(serv, "mare", "Delta", "4/4/2023", 700);
call    0 returned 1
        1:   29:    addOferta(serv, "munte", "Sinaia", "5/4/2023", 800);
call    0 returned 1
        1:   30:    addOferta(serv, "munte", "Sinaia", "5/9/2024", 600);
call    0 returned 1
        1:   31:    startUI(ui, undoList);
call    0 returned 0
        -:   32:
    #####:   33:    destroyVector(undoList);
call    0 never executed
    #####:   34:    destroyUI(ui);
call    0 never executed
        -:   35:    _CrtSetReportMode(_CRT_WARN, _CRTDBG_MODE_DEBUG);
        -:   36:    _CrtDumpMemoryLeaks();
    #####:   37:    return 0;
        -:   38:}
