        -:    0:Source:C:/Users/ardel/CLionProjects/lab6-/Car.h
        -:    0:Graph:C:\Users\ardel\CLionProjects\lab6-\cmake-build-debug-coverage\CMakeFiles\lab6_.dir\Car.cpp.gcno
        -:    0:Data:C:\Users\ardel\CLionProjects\lab6-\cmake-build-debug-coverage\CMakeFiles\lab6_.dir\Car.cpp.gcda
        -:    0:Runs:1
        -:    1:#pragma once
        -:    2:#include <string>
        -:    3:#include <iostream>
        -:    4:#include <cassert>
        -:    5:
        -:    6:using std::string;
        -:    7:using std::cout;
        -:    8:
        -:    9:class Car{
        -:   10:    std::string registrationNumber;
        -:   11:    std::string producer;
        -:   12:    std::string model;
        -:   13:    std::string type;
        -:   14:
        -:   15:public:
        -:   16:
        -:   17:    Car() = default;
function _ZN3CarC1ENSt7__cxx1112basic_stringIcSt11char_traitsIcESaIcEEES5_S5_S5_ called 55 returned 100% blocks executed 55%
       55:   18:    Car(const string r, const string p, const string m, const string t) : registrationNumber{ r }, producer{ p }, model{ m }, type{ t }{}
       55:   18-block  0
call    0 returned 55
call    1 returned 55
branch  2 taken 55 (fallthrough)
branch  3 taken 0 (throw)
       55:   18-block  1
call    4 returned 55
branch  5 taken 55 (fallthrough)
branch  6 taken 0 (throw)
       55:   18-block  2
call    7 returned 55
branch  8 taken 55 (fallthrough)
branch  9 taken 0 (throw)
       55:   18-block  3
    $$$$$:   18-block  4
call   10 never executed
    $$$$$:   18-block  5
call   11 never executed
    $$$$$:   18-block  6
call   12 never executed
        -:   19:
        -:   20:    Car(const Car& ot) : registrationNumber{ot.registrationNumber }, producer{ot.producer }, model{ot.model }, type{ot.type }{
        -:   21:
        -:   22:    }
        -:   23:
function _ZNK3Car21getRegistrationNumberB5cxx11Ev called 197 returned 100% blocks executed 100%
      197:   24:    string getRegistrationNumber() const {
      197:   25:        return registrationNumber;
      197:   25-block  0
call    0 returned 197
        -:   26:    }
        -:   27:
function _ZNK3Car11getProducerB5cxx11Ev called 114 returned 100% blocks executed 100%
      114:   28:    string getProducer() const {
      114:   29:        return producer;
      114:   29-block  0
call    0 returned 114
        -:   30:    }
        -:   31:
function _ZNK3Car8getModelB5cxx11Ev called 50 returned 100% blocks executed 100%
       50:   32:    string getModel() const {
       50:   33:        return model;
       50:   33-block  0
call    0 returned 50
        -:   34:    }
        -:   35:
function _ZNK3Car7getTypeB5cxx11Ev called 76 returned 100% blocks executed 100%
       76:   36:    string getType() const {
       76:   37:        return type;
       76:   37-block  0
call    0 returned 76
        -:   38:    }
        -:   39:
        -:   40:    void setRegistrationNumber(string newRegistrationNr);
        -:   41:    void setProducer(string newProducer);
        -:   42:    void setModel(string newModel);
        -:   43:    void setType(string newType);
        -:   44:
        -:   45:    bool operator==(const Car& ot);
        -:   46:
        -:   47:
        -:   48:
        -:   49:};
        -:   50:
        -:   51:bool cmpRegistrationNumber(const Car& c1, const Car& c2);
        -:   52:
        -:   53:bool cmpType(const Car& c1, const Car& c2);
        -:   54:
        -:   55:bool cmpProducerModel(const Car& c1, const Car& c2);
        -:   56:
        -:   57://bool cmpProducer(const Car& c1, const Car& c2);
        -:   58:
        -:   59:void testDomain();
