        -:    0:Source:C:/Users/ardel/CLionProjects/lab6-/main.cpp
        -:    0:Graph:C:\Users\ardel\CLionProjects\lab6-\cmake-build-debug-coverage\CMakeFiles\lab6_.dir\main.cpp.gcno
        -:    0:Data:C:\Users\ardel\CLionProjects\lab6-\cmake-build-debug-coverage\CMakeFiles\lab6_.dir\main.cpp.gcda
        -:    0:Runs:1
        -:    1:
        -:    2:#include "validator.h"
        -:    3:#include "Repo.h"
        -:    4:#include "Service.h"
        -:    5:#include "UI.h"
        -:    6:
        -:    7:
        -:    8:
function _Z7testAllv called 1 returned 100% blocks executed 100%
        1:    9:void testAll(){
        1:   10:    testDomain();
        1:   10-block  0
call    0 returned 1
        1:   11:    testRepo();
call    0 returned 1
        1:   12:    testService();
call    0 returned 1
        1:   13:    testValidator();
call    0 returned 1
        1:   14:}
        -:   15:
function _Z8startAppv called 1 returned 0% blocks executed 42%
        1:   16:void startApp(){
        1:   17:    CarRepo repo;
        1:   17-block  0
call    0 returned 1
        -:   18:    carValidator val;
        1:   19:    carService srv{repo, val};
call    0 returned 1
        1:   20:    consoleUi ui{srv };
call    0 returned 1
        -:   21:
        1:   22:    ui.run();
call    0 returned 0
branch  1 taken 0 (fallthrough)
branch  2 taken 0 (throw)
        -:   23:
    #####:   24:}
    %%%%%:   24-block  0
call    0 never executed
call    1 never executed
    $$$$$:   24-block  1
call    2 never executed
    $$$$$:   24-block  2
call    3 never executed
function main called 1 returned 0% blocks executed 75%
        1:   25:int main() {
        1:   26:    testAll();
        1:   26-block  0
call    0 returned 1
        1:   27:    startApp();
call    0 returned 0
    #####:   28:    return 0;
        -:   29:
        -:   30:}
