        -:    0:Source:C:/Users/ardel/CLionProjects/lab6-/validator.h
        -:    0:Graph:C:\Users\ardel\CLionProjects\lab6-\cmake-build-debug-coverage\CMakeFiles\lab6_.dir\UI.cpp.gcno
        -:    0:Data:C:\Users\ardel\CLionProjects\lab6-\cmake-build-debug-coverage\CMakeFiles\lab6_.dir\UI.cpp.gcda
        -:    0:Runs:1
        -:    1:#pragma once
        -:    2:#include <string>
        -:    3:#include "Car.h"
        -:    4:#include <vector>
        -:    5:
        -:    6:using std::vector;
        -:    7:using std::string;
        -:    8:using std::ostream;
        -:    9:
        -:   10:class validateException {
        -:   11:    vector<string> errorMsg;
        -:   12:public:
        -:   13:    validateException(vector<string> errorMessages) : errorMsg{errorMessages } {};
        -:   14:
function _ZN17validateException16getErrorMessagesB5cxx11Ev called 0 returned 0% blocks executed 0%
    #####:   15:    string getErrorMessages() {
    #####:   16:        string fullMsg;
    %%%%%:   16-block  0
call    0 never executed
    #####:   17:        for (const string e : errorMsg) {
call    0 never executed
call    1 never executed
    %%%%%:   17-block  0
call    2 never executed
call    3 never executed
branch  4 never executed
branch  5 never executed
call    6 never executed
    %%%%%:   17-block  1
call    7 never executed
branch  8 never executed
branch  9 never executed
    #####:   18:            fullMsg += e + "\n";
    %%%%%:   18-block  0
call    0 never executed
branch  1 never executed
branch  2 never executed
    %%%%%:   18-block  1
call    3 never executed
branch  4 never executed
branch  5 never executed
    %%%%%:   18-block  2
call    6 never executed
    $$$$$:   18-block  3
call    7 never executed
    $$$$$:   18-block  4
    #####:   19:        }
call    0 never executed
    $$$$$:   19-block  0
call    1 never executed
    #####:   20:        return fullMsg;
    %%%%%:   20-block  0
    %%%%%:   20-block  1
    =====:   21:    }
    $$$$$:   21-block  0
call    0 never executed
        -:   22:};
        -:   23:
        -:   24:class carValidator {
        -:   25:public:
        -:   26:    static void validate(const Car& c);
        -:   27:};
        -:   28:
        -:   29:void testValidator();
