        -:    0:Source:C:/Users/ardel/CLionProjects/lab6-/validator.h
        -:    0:Graph:C:\Users\ardel\CLionProjects\lab6-\cmake-build-debug-coverage\CMakeFiles\lab6_.dir\validator.cpp.gcno
        -:    0:Data:C:\Users\ardel\CLionProjects\lab6-\cmake-build-debug-coverage\CMakeFiles\lab6_.dir\validator.cpp.gcda
        -:    0:Runs:1
        -:    1:#pragma once
        -:    2:#include <string>
        -:    3:#include "Car.h"
        -:    4:#include <vector>
        -:    5:
        -:    6:using std::vector;
        -:    7:using std::string;
        -:    8:using std::ostream;
        -:    9:
        -:   10:class validateException {
        -:   11:    vector<string> errorMsg;
        -:   12:public:
function _ZN17validateExceptionC1ESt6vectorINSt7__cxx1112basic_stringIcSt11char_traitsIcESaIcEEESaIS6_EE called 5 returned 100% blocks executed 100%
        5:   13:    validateException(vector<string> errorMessages) : errorMsg{errorMessages } {};
        5:   13-block  0
call    0 returned 5
        -:   14:
function _ZN17validateException16getErrorMessagesB5cxx11Ev called 5 returned 100% blocks executed 68%
        5:   15:    string getErrorMessages() {
        5:   16:        string fullMsg;
        5:   16-block  0
call    0 returned 5
       10:   17:        for (const string e : errorMsg) {
call    0 returned 5
call    1 returned 5
        5:   17-block  0
call    2 returned 5
call    3 returned 5
branch  4 taken 5 (fallthrough)
branch  5 taken 0 (throw)
call    6 returned 5
       10:   17-block  1
call    7 returned 10
branch  8 taken 5
branch  9 taken 5 (fallthrough)
        5:   18:            fullMsg += e + "\n";
        5:   18-block  0
call    0 returned 5
branch  1 taken 5 (fallthrough)
branch  2 taken 0 (throw)
        5:   18-block  1
call    3 returned 5
branch  4 taken 5 (fallthrough)
branch  5 taken 0 (throw)
        5:   18-block  2
call    6 returned 5
    $$$$$:   18-block  3
call    7 never executed
    $$$$$:   18-block  4
        5:   19:        }
call    0 returned 5
    $$$$$:   19-block  0
call    1 never executed
        5:   20:        return fullMsg;
        5:   20-block  0
        5:   20-block  1
    =====:   21:    }
    $$$$$:   21-block  0
call    0 never executed
        -:   22:};
        -:   23:
        -:   24:class carValidator {
        -:   25:public:
        -:   26:    static void validate(const Car& c);
        -:   27:};
        -:   28:
        -:   29:void testValidator();
